TN:
SF:src\App.tsx
FN:4,App
FNF:1
FNH:0
FNDA:0,App
DA:5,0
LF:1
LH:0
BRF:0
BRH:0
end_of_record
TN:
SF:src\main.tsx
FNF:0
FNH:0
DA:5,0
LF:1
LH:0
BRF:0
BRH:0
end_of_record
TN:
SF:src\tetris\Tetris.tsx
FN:29,rndPiece
FN:32,(anonymous_1)
FN:39,Tetris
FN:64,ensureAudio
FN:65,playSound
FN:82,(anonymous_5)
FN:92,(anonymous_6)
FN:105,(anonymous_7)
FN:117,(anonymous_8)
FN:120,createEmptyBoard
FN:121,(anonymous_10)
FN:124,spawnPiece
FN:141,normalizeMatrix2
FN:145,(anonymous_13)
FN:150,collide
FN:162,merge
FN:172,step
FN:189,detectFullRows2
FN:192,(anonymous_18)
FN:197,removeRows2
FN:198,(anonymous_20)
FN:206,startClear
FN:211,(anonymous_22)
FN:217,(anonymous_23)
FN:231,scoreFor2
FN:236,move
FN:242,softDrop
FN:254,hardDrop
FN:265,rotatePiece
FN:280,hold
FN:295,ghostPos
FN:302,draw
FN:331,drawMatrix
FN:337,drawCell
FN:361,(anonymous_34)
FNF:35
FNH:25
FNDA:7,rndPiece
FNDA:13,(anonymous_1)
FNDA:2,Tetris
FNDA:1,ensureAudio
FNDA:1,playSound
FNDA:1,(anonymous_5)
FNDA:1,(anonymous_6)
FNDA:1,(anonymous_7)
FNDA:1,(anonymous_8)
FNDA:2,createEmptyBoard
FNDA:40,(anonymous_10)
FNDA:2,spawnPiece
FNDA:2,normalizeMatrix2
FNDA:6,(anonymous_13)
FNDA:39,collide
FNDA:1,merge
FNDA:1,step
FNDA:1,detectFullRows2
FNDA:20,(anonymous_18)
FNDA:0,removeRows2
FNDA:0,(anonymous_20)
FNDA:0,startClear
FNDA:0,(anonymous_22)
FNDA:0,(anonymous_23)
FNDA:0,scoreFor2
FNDA:0,move
FNDA:0,softDrop
FNDA:1,hardDrop
FNDA:0,rotatePiece
FNDA:0,hold
FNDA:1,ghostPos
FNDA:1,draw
FNDA:2,drawMatrix
FNDA:208,drawCell
FNDA:3,(anonymous_34)
DA:4,1
DA:5,1
DA:6,1
DA:19,1
DA:30,7
DA:31,7
DA:32,13
DA:40,2
DA:41,2
DA:42,2
DA:43,2
DA:44,2
DA:45,2
DA:46,2
DA:47,2
DA:48,2
DA:49,2
DA:50,2
DA:51,2
DA:52,2
DA:53,2
DA:54,2
DA:57,2
DA:58,2
DA:59,2
DA:60,2
DA:63,2
DA:64,1
DA:66,1
DA:67,1
DA:68,1
DA:69,1
DA:70,1
DA:71,1
DA:72,1
DA:73,1
DA:74,0
DA:75,0
DA:76,0
DA:77,0
DA:78,0
DA:82,2
DA:83,1
DA:84,1
DA:85,1
DA:86,1
DA:89,5
DA:90,1
DA:92,1
DA:93,1
DA:94,1
DA:95,1
DA:96,1
DA:97,1
DA:98,0
DA:99,0
DA:100,0
DA:102,1
DA:104,1
DA:105,1
DA:106,1
DA:107,1
DA:108,1
DA:109,0
DA:110,0
DA:112,1
DA:113,1
DA:115,1
DA:117,1
DA:121,40
DA:125,2
DA:126,2
DA:127,2
DA:128,2
DA:129,2
DA:130,2
DA:132,0
DA:133,0
DA:134,0
DA:135,0
DA:136,0
DA:137,0
DA:143,2
DA:144,2
DA:145,6
DA:146,12
DA:147,2
DA:151,114
DA:152,336
DA:153,150
DA:154,150
DA:155,150
DA:156,148
DA:159,36
DA:163,3
DA:164,9
DA:165,4
DA:166,4
DA:167,4
DA:173,1
DA:174,1
DA:175,1
DA:176,1
DA:178,1
DA:179,1
DA:180,1
DA:181,1
DA:182,0
DA:184,1
DA:190,1
DA:191,1
DA:192,20
DA:194,20
DA:198,0
DA:199,0
DA:200,0
DA:201,0
DA:203,0
DA:207,0
DA:208,0
DA:209,0
DA:210,0
DA:211,0
DA:212,0
DA:213,0
DA:214,0
DA:215,0
DA:216,0
DA:217,0
DA:218,0
DA:219,0
DA:220,0
DA:221,0
DA:222,0
DA:225,0
DA:226,0
DA:227,0
DA:232,0
DA:233,0
DA:237,0
DA:238,0
DA:239,0
DA:243,0
DA:244,0
DA:245,0
DA:246,0
DA:249,0
DA:250,0
DA:255,1
DA:256,1
DA:257,18
DA:258,18
DA:260,1
DA:261,1
DA:262,1
DA:266,0
DA:267,0
DA:268,0
DA:269,0
DA:270,0
DA:271,0
DA:272,0
DA:273,0
DA:274,0
DA:276,0
DA:281,0
DA:282,0
DA:283,0
DA:284,0
DA:285,0
DA:287,0
DA:288,0
DA:289,0
DA:290,0
DA:292,0
DA:296,1
DA:297,1
DA:298,16
DA:299,1
DA:303,1
DA:304,1
DA:307,20
DA:308,200
DA:309,200
DA:313,1
DA:314,0
DA:315,0
DA:316,0
DA:317,0
DA:318,0
DA:319,0
DA:324,1
DA:325,1
DA:328,1
DA:332,6
DA:333,18
DA:338,208
DA:339,208
DA:340,208
DA:341,208
DA:342,12
DA:343,12
DA:347,2
DA:362,3
LF:204
LH:126
BRDA:64,0,0,1
BRDA:64,0,1,0
BRDA:64,1,0,1
BRDA:64,1,1,0
BRDA:69,2,0,1
BRDA:69,2,1,0
BRDA:74,3,0,0
BRDA:74,3,1,0
BRDA:93,4,0,0
BRDA:93,4,1,1
BRDA:94,5,0,0
BRDA:94,5,1,1
BRDA:94,6,0,0
BRDA:94,6,1,1
BRDA:95,7,0,0
BRDA:95,7,1,1
BRDA:96,8,0,1
BRDA:96,8,1,0
BRDA:97,9,0,0
BRDA:97,9,1,0
BRDA:98,10,0,0
BRDA:98,10,1,0
BRDA:98,11,0,0
BRDA:98,11,1,0
BRDA:99,12,0,0
BRDA:99,12,1,0
BRDA:99,13,0,0
BRDA:99,13,1,0
BRDA:100,14,0,0
BRDA:100,14,1,0
BRDA:108,15,0,0
BRDA:108,15,1,1
BRDA:108,16,0,1
BRDA:108,16,1,1
BRDA:130,17,0,0
BRDA:130,17,1,2
BRDA:152,18,0,150
BRDA:152,18,1,186
BRDA:155,19,0,2
BRDA:155,19,1,148
BRDA:155,20,0,150
BRDA:155,20,1,150
BRDA:155,20,2,150
BRDA:156,21,0,1
BRDA:156,21,1,147
BRDA:156,22,0,148
BRDA:156,22,1,148
BRDA:164,23,0,4
BRDA:164,23,1,5
BRDA:167,24,0,4
BRDA:167,24,1,0
BRDA:167,25,0,4
BRDA:167,25,1,4
BRDA:167,25,2,4
BRDA:167,25,3,4
BRDA:173,26,0,0
BRDA:173,26,1,1
BRDA:175,27,0,1
BRDA:175,27,1,0
BRDA:181,28,0,0
BRDA:181,28,1,1
BRDA:192,29,0,0
BRDA:192,29,1,20
BRDA:213,30,0,0
BRDA:213,30,1,0
BRDA:232,31,0,0
BRDA:232,31,1,0
BRDA:237,32,0,0
BRDA:237,32,1,0
BRDA:239,33,0,0
BRDA:239,33,1,0
BRDA:243,34,0,0
BRDA:243,34,1,0
BRDA:245,35,0,0
BRDA:245,35,1,0
BRDA:255,36,0,0
BRDA:255,36,1,1
BRDA:266,37,0,0
BRDA:266,37,1,0
BRDA:268,38,0,0
BRDA:268,38,1,0
BRDA:272,39,0,0
BRDA:272,39,1,0
BRDA:281,40,0,0
BRDA:281,40,1,0
BRDA:281,41,0,0
BRDA:281,41,1,0
BRDA:283,42,0,0
BRDA:283,42,1,0
BRDA:296,43,0,0
BRDA:296,43,1,1
BRDA:313,44,0,0
BRDA:313,44,1,1
BRDA:325,45,0,1
BRDA:325,45,1,0
BRDA:328,46,0,1
BRDA:328,46,1,0
BRDA:333,47,0,8
BRDA:333,47,1,10
BRDA:339,48,0,208
BRDA:339,48,1,196
BRDA:341,49,0,12
BRDA:341,49,1,196
BRDA:371,50,0,0
BRDA:371,50,1,2
BRF:105
BRH:46
end_of_record
TN:
SF:src\tetris\game.ts
FN:14,rotate
FN:15,(anonymous_1)
FN:17,(anonymous_2)
FN:22,normalizeMatrix
FN:25,(anonymous_4)
FN:30,detectFullRows
FN:33,(anonymous_6)
FN:38,removeRows
FN:39,(anonymous_8)
FN:47,scoreFor
FNF:10
FNH:10
FNDA:1,rotate
FNDA:2,(anonymous_1)
FNDA:2,(anonymous_2)
FNDA:1,normalizeMatrix
FNDA:3,(anonymous_4)
FNDA:1,detectFullRows
FNDA:7,(anonymous_6)
FNDA:1,removeRows
FNDA:1,(anonymous_8)
FNDA:2,scoreFor
DA:4,2
DA:15,2
DA:16,1
DA:17,2
DA:18,4
DA:19,1
DA:23,1
DA:24,1
DA:25,3
DA:26,3
DA:27,1
DA:31,1
DA:32,1
DA:33,7
DA:35,3
DA:39,1
DA:40,1
DA:41,2
DA:42,2
DA:44,1
DA:48,2
DA:49,2
LF:22
LH:22
BRDA:33,0,0,2
BRDA:33,0,1,1
BRDA:48,1,0,2
BRDA:48,1,1,0
BRF:4
BRH:3
end_of_record
